<?xml version="1.0" encoding="UTF-8"?>
<testsuite xmlns:xsi="http://www.w3.org/2001/XMLSchema-instance" xsi:noNamespaceSchemaLocation="https://maven.apache.org/surefire/maven-surefire-plugin/xsd/surefire-test-report.xsd" name="com.xin.bookstore.BookstoreApplicationTests" time="11.599" tests="1" errors="0" skipped="0" failures="0">
  <properties>
    <property name="sun.desktop" value="windows"/>
    <property name="awt.toolkit" value="sun.awt.windows.WToolkit"/>
    <property name="file.encoding.pkg" value="sun.io"/>
    <property name="java.specification.version" value="1.8"/>
    <property name="sun.cpu.isalist" value="amd64"/>
    <property name="sun.jnu.encoding" value="GBK"/>
    <property name="java.class.path" value="D:\A_code\intellij\bookstore\target\test-classes;D:\A_code\intellij\bookstore\target\classes;D:\MavenRepository\org\springframework\boot\spring-boot-starter-security\2.7.5\spring-boot-starter-security-2.7.5.jar;D:\MavenRepository\org\springframework\boot\spring-boot-starter\2.7.5\spring-boot-starter-2.7.5.jar;D:\MavenRepository\org\springframework\boot\spring-boot-starter-logging\2.7.5\spring-boot-starter-logging-2.7.5.jar;D:\MavenRepository\ch\qos\logback\logback-classic\1.2.11\logback-classic-1.2.11.jar;D:\MavenRepository\ch\qos\logback\logback-core\1.2.11\logback-core-1.2.11.jar;D:\MavenRepository\org\apache\logging\log4j\log4j-to-slf4j\2.17.2\log4j-to-slf4j-2.17.2.jar;D:\MavenRepository\org\apache\logging\log4j\log4j-api\2.17.2\log4j-api-2.17.2.jar;D:\MavenRepository\org\slf4j\jul-to-slf4j\1.7.36\jul-to-slf4j-1.7.36.jar;D:\MavenRepository\jakarta\annotation\jakarta.annotation-api\1.3.5\jakarta.annotation-api-1.3.5.jar;D:\MavenRepository\org\yaml\snakeyaml\1.30\snakeyaml-1.30.jar;D:\MavenRepository\org\springframework\spring-aop\5.3.23\spring-aop-5.3.23.jar;D:\MavenRepository\org\springframework\spring-beans\5.3.23\spring-beans-5.3.23.jar;D:\MavenRepository\org\springframework\security\spring-security-config\5.7.4\spring-security-config-5.7.4.jar;D:\MavenRepository\org\springframework\spring-context\5.3.23\spring-context-5.3.23.jar;D:\MavenRepository\org\springframework\security\spring-security-web\5.7.4\spring-security-web-5.7.4.jar;D:\MavenRepository\org\springframework\spring-expression\5.3.23\spring-expression-5.3.23.jar;D:\MavenRepository\org\springframework\boot\spring-boot-starter-web\2.7.5\spring-boot-starter-web-2.7.5.jar;D:\MavenRepository\org\springframework\boot\spring-boot-starter-json\2.7.5\spring-boot-starter-json-2.7.5.jar;D:\MavenRepository\com\fasterxml\jackson\datatype\jackson-datatype-jdk8\2.13.4\jackson-datatype-jdk8-2.13.4.jar;D:\MavenRepository\com\fasterxml\jackson\datatype\jackson-datatype-jsr310\2.13.4\jackson-datatype-jsr310-2.13.4.jar;D:\MavenRepository\com\fasterxml\jackson\module\jackson-module-parameter-names\2.13.4\jackson-module-parameter-names-2.13.4.jar;D:\MavenRepository\org\springframework\boot\spring-boot-starter-tomcat\2.7.5\spring-boot-starter-tomcat-2.7.5.jar;D:\MavenRepository\org\apache\tomcat\embed\tomcat-embed-core\9.0.68\tomcat-embed-core-9.0.68.jar;D:\MavenRepository\org\apache\tomcat\embed\tomcat-embed-el\9.0.68\tomcat-embed-el-9.0.68.jar;D:\MavenRepository\org\apache\tomcat\embed\tomcat-embed-websocket\9.0.68\tomcat-embed-websocket-9.0.68.jar;D:\MavenRepository\org\springframework\spring-web\5.3.23\spring-web-5.3.23.jar;D:\MavenRepository\org\springframework\spring-webmvc\5.3.23\spring-webmvc-5.3.23.jar;D:\MavenRepository\org\springframework\boot\spring-boot-devtools\2.7.5\spring-boot-devtools-2.7.5.jar;D:\MavenRepository\org\springframework\boot\spring-boot\2.7.5\spring-boot-2.7.5.jar;D:\MavenRepository\org\springframework\boot\spring-boot-autoconfigure\2.7.5\spring-boot-autoconfigure-2.7.5.jar;D:\MavenRepository\org\springframework\boot\spring-boot-configuration-processor\2.7.5\spring-boot-configuration-processor-2.7.5.jar;D:\MavenRepository\org\projectlombok\lombok\1.18.24\lombok-1.18.24.jar;D:\MavenRepository\org\springframework\boot\spring-boot-starter-test\2.7.5\spring-boot-starter-test-2.7.5.jar;D:\MavenRepository\org\springframework\boot\spring-boot-test\2.7.5\spring-boot-test-2.7.5.jar;D:\MavenRepository\org\springframework\boot\spring-boot-test-autoconfigure\2.7.5\spring-boot-test-autoconfigure-2.7.5.jar;D:\MavenRepository\com\jayway\jsonpath\json-path\2.7.0\json-path-2.7.0.jar;D:\MavenRepository\net\minidev\json-smart\2.4.8\json-smart-2.4.8.jar;D:\MavenRepository\net\minidev\accessors-smart\2.4.8\accessors-smart-2.4.8.jar;D:\MavenRepository\org\ow2\asm\asm\9.1\asm-9.1.jar;D:\MavenRepository\jakarta\xml\bind\jakarta.xml.bind-api\2.3.3\jakarta.xml.bind-api-2.3.3.jar;D:\MavenRepository\jakarta\activation\jakarta.activation-api\1.2.2\jakarta.activation-api-1.2.2.jar;D:\MavenRepository\org\assertj\assertj-core\3.22.0\assertj-core-3.22.0.jar;D:\MavenRepository\org\hamcrest\hamcrest\2.2\hamcrest-2.2.jar;D:\MavenRepository\org\junit\jupiter\junit-jupiter\5.8.2\junit-jupiter-5.8.2.jar;D:\MavenRepository\org\junit\jupiter\junit-jupiter-api\5.8.2\junit-jupiter-api-5.8.2.jar;D:\MavenRepository\org\opentest4j\opentest4j\1.2.0\opentest4j-1.2.0.jar;D:\MavenRepository\org\junit\platform\junit-platform-commons\1.8.2\junit-platform-commons-1.8.2.jar;D:\MavenRepository\org\apiguardian\apiguardian-api\1.1.2\apiguardian-api-1.1.2.jar;D:\MavenRepository\org\junit\jupiter\junit-jupiter-params\5.8.2\junit-jupiter-params-5.8.2.jar;D:\MavenRepository\org\junit\jupiter\junit-jupiter-engine\5.8.2\junit-jupiter-engine-5.8.2.jar;D:\MavenRepository\org\junit\platform\junit-platform-engine\1.8.2\junit-platform-engine-1.8.2.jar;D:\MavenRepository\org\mockito\mockito-core\4.5.1\mockito-core-4.5.1.jar;D:\MavenRepository\net\bytebuddy\byte-buddy\1.12.18\byte-buddy-1.12.18.jar;D:\MavenRepository\net\bytebuddy\byte-buddy-agent\1.12.18\byte-buddy-agent-1.12.18.jar;D:\MavenRepository\org\objenesis\objenesis\3.2\objenesis-3.2.jar;D:\MavenRepository\org\mockito\mockito-junit-jupiter\4.5.1\mockito-junit-jupiter-4.5.1.jar;D:\MavenRepository\org\skyscreamer\jsonassert\1.5.1\jsonassert-1.5.1.jar;D:\MavenRepository\com\vaadin\external\google\android-json\0.0.20131108.vaadin1\android-json-0.0.20131108.vaadin1.jar;D:\MavenRepository\org\springframework\spring-core\5.3.23\spring-core-5.3.23.jar;D:\MavenRepository\org\springframework\spring-jcl\5.3.23\spring-jcl-5.3.23.jar;D:\MavenRepository\org\springframework\spring-test\5.3.23\spring-test-5.3.23.jar;D:\MavenRepository\org\xmlunit\xmlunit-core\2.9.0\xmlunit-core-2.9.0.jar;D:\MavenRepository\org\springframework\security\spring-security-test\5.7.4\spring-security-test-5.7.4.jar;D:\MavenRepository\org\springframework\security\spring-security-core\5.7.4\spring-security-core-5.7.4.jar;D:\MavenRepository\org\springframework\security\spring-security-crypto\5.7.4\spring-security-crypto-5.7.4.jar;D:\MavenRepository\mysql\mysql-connector-java\5.1.18\mysql-connector-java-5.1.18.jar;D:\MavenRepository\com\baomidou\mybatis-plus-boot-starter\3.5.2\mybatis-plus-boot-starter-3.5.2.jar;D:\MavenRepository\com\baomidou\mybatis-plus\3.5.2\mybatis-plus-3.5.2.jar;D:\MavenRepository\com\baomidou\mybatis-plus-extension\3.5.2\mybatis-plus-extension-3.5.2.jar;D:\MavenRepository\com\baomidou\mybatis-plus-core\3.5.2\mybatis-plus-core-3.5.2.jar;D:\MavenRepository\com\baomidou\mybatis-plus-annotation\3.5.2\mybatis-plus-annotation-3.5.2.jar;D:\MavenRepository\com\github\jsqlparser\jsqlparser\4.4\jsqlparser-4.4.jar;D:\MavenRepository\org\mybatis\mybatis\3.5.10\mybatis-3.5.10.jar;D:\MavenRepository\org\mybatis\mybatis-spring\2.0.7\mybatis-spring-2.0.7.jar;D:\MavenRepository\org\jetbrains\kotlin\kotlin-stdlib-jdk8\1.6.21\kotlin-stdlib-jdk8-1.6.21.jar;D:\MavenRepository\org\jetbrains\kotlin\kotlin-stdlib\1.6.21\kotlin-stdlib-1.6.21.jar;D:\MavenRepository\org\jetbrains\kotlin\kotlin-stdlib-common\1.6.21\kotlin-stdlib-common-1.6.21.jar;D:\MavenRepository\org\jetbrains\annotations\13.0\annotations-13.0.jar;D:\MavenRepository\org\jetbrains\kotlin\kotlin-stdlib-jdk7\1.6.21\kotlin-stdlib-jdk7-1.6.21.jar;D:\MavenRepository\org\springframework\boot\spring-boot-starter-jdbc\2.7.5\spring-boot-starter-jdbc-2.7.5.jar;D:\MavenRepository\com\zaxxer\HikariCP\4.0.3\HikariCP-4.0.3.jar;D:\MavenRepository\org\springframework\spring-jdbc\5.3.23\spring-jdbc-5.3.23.jar;D:\MavenRepository\org\springframework\spring-tx\5.3.23\spring-tx-5.3.23.jar;D:\MavenRepository\com\alibaba\druid\1.2.15\druid-1.2.15.jar;D:\MavenRepository\org\apache\commons\commons-lang3\3.12.0\commons-lang3-3.12.0.jar;D:\MavenRepository\com\alibaba\fastjson\2.0.19.graal\fastjson-2.0.19.graal.jar;D:\MavenRepository\com\alibaba\fastjson2\fastjson2-extension\2.0.19.graal\fastjson2-extension-2.0.19.graal.jar;D:\MavenRepository\com\alibaba\fastjson2\fastjson2\2.0.19.graal\fastjson2-2.0.19.graal.jar;D:\MavenRepository\org\springframework\security\spring-security-jwt\1.1.1.RELEASE\spring-security-jwt-1.1.1.RELEASE.jar;D:\MavenRepository\org\bouncycastle\bcpkix-jdk15on\1.64\bcpkix-jdk15on-1.64.jar;D:\MavenRepository\org\bouncycastle\bcprov-jdk15on\1.64\bcprov-jdk15on-1.64.jar;D:\MavenRepository\io\jsonwebtoken\jjwt\0.9.1\jjwt-0.9.1.jar;D:\MavenRepository\com\fasterxml\jackson\core\jackson-databind\2.13.4.2\jackson-databind-2.13.4.2.jar;D:\MavenRepository\com\fasterxml\jackson\core\jackson-annotations\2.13.4\jackson-annotations-2.13.4.jar;D:\MavenRepository\com\fasterxml\jackson\core\jackson-core\2.13.4\jackson-core-2.13.4.jar;D:\MavenRepository\commons-fileupload\commons-fileupload\1.4\commons-fileupload-1.4.jar;D:\MavenRepository\commons-io\commons-io\2.2\commons-io-2.2.jar;D:\MavenRepository\io\springfox\springfox-boot-starter\3.0.0\springfox-boot-starter-3.0.0.jar;D:\MavenRepository\io\springfox\springfox-oas\3.0.0\springfox-oas-3.0.0.jar;D:\MavenRepository\io\swagger\core\v3\swagger-annotations\2.1.2\swagger-annotations-2.1.2.jar;D:\MavenRepository\io\swagger\core\v3\swagger-models\2.1.2\swagger-models-2.1.2.jar;D:\MavenRepository\io\springfox\springfox-spi\3.0.0\springfox-spi-3.0.0.jar;D:\MavenRepository\io\springfox\springfox-schema\3.0.0\springfox-schema-3.0.0.jar;D:\MavenRepository\io\springfox\springfox-core\3.0.0\springfox-core-3.0.0.jar;D:\MavenRepository\io\springfox\springfox-spring-web\3.0.0\springfox-spring-web-3.0.0.jar;D:\MavenRepository\io\github\classgraph\classgraph\4.8.83\classgraph-4.8.83.jar;D:\MavenRepository\io\springfox\springfox-spring-webmvc\3.0.0\springfox-spring-webmvc-3.0.0.jar;D:\MavenRepository\io\springfox\springfox-spring-webflux\3.0.0\springfox-spring-webflux-3.0.0.jar;D:\MavenRepository\io\springfox\springfox-swagger-common\3.0.0\springfox-swagger-common-3.0.0.jar;D:\MavenRepository\org\mapstruct\mapstruct\1.3.1.Final\mapstruct-1.3.1.Final.jar;D:\MavenRepository\io\springfox\springfox-data-rest\3.0.0\springfox-data-rest-3.0.0.jar;D:\MavenRepository\io\springfox\springfox-bean-validators\3.0.0\springfox-bean-validators-3.0.0.jar;D:\MavenRepository\io\springfox\springfox-swagger2\3.0.0\springfox-swagger2-3.0.0.jar;D:\MavenRepository\io\swagger\swagger-annotations\1.5.20\swagger-annotations-1.5.20.jar;D:\MavenRepository\io\swagger\swagger-models\1.5.20\swagger-models-1.5.20.jar;D:\MavenRepository\io\springfox\springfox-swagger-ui\3.0.0\springfox-swagger-ui-3.0.0.jar;D:\MavenRepository\com\fasterxml\classmate\1.5.1\classmate-1.5.1.jar;D:\MavenRepository\org\slf4j\slf4j-api\1.7.36\slf4j-api-1.7.36.jar;D:\MavenRepository\org\springframework\plugin\spring-plugin-core\2.0.0.RELEASE\spring-plugin-core-2.0.0.RELEASE.jar;D:\MavenRepository\org\springframework\plugin\spring-plugin-metadata\2.0.0.RELEASE\spring-plugin-metadata-2.0.0.RELEASE.jar;"/>
    <property name="java.vm.vendor" value="Oracle Corporation"/>
    <property name="sun.arch.data.model" value="64"/>
    <property name="user.variant" value=""/>
    <property name="java.vendor.url" value="http://java.oracle.com/"/>
    <property name="user.timezone" value="Asia/Shanghai"/>
    <property name="java.vm.specification.version" value="1.8"/>
    <property name="os.name" value="Windows 10"/>
    <property name="user.country" value="CN"/>
    <property name="sun.java.launcher" value="SUN_STANDARD"/>
    <property name="sun.boot.library.path" value="C:\Program Files\Java\jdk1.8.0_162\jre\bin"/>
    <property name="sun.java.command" value="C:\Users\26844\AppData\Local\Temp\surefire583980012110923643\surefirebooter119274883004537941.jar C:\Users\26844\AppData\Local\Temp\surefire583980012110923643 2022-12-17T11-27-24_181-jvmRun1 surefire7970274427506568782tmp surefire_06156603815185358669tmp"/>
    <property name="surefire.test.class.path" value="D:\A_code\intellij\bookstore\target\test-classes;D:\A_code\intellij\bookstore\target\classes;D:\MavenRepository\org\springframework\boot\spring-boot-starter-security\2.7.5\spring-boot-starter-security-2.7.5.jar;D:\MavenRepository\org\springframework\boot\spring-boot-starter\2.7.5\spring-boot-starter-2.7.5.jar;D:\MavenRepository\org\springframework\boot\spring-boot-starter-logging\2.7.5\spring-boot-starter-logging-2.7.5.jar;D:\MavenRepository\ch\qos\logback\logback-classic\1.2.11\logback-classic-1.2.11.jar;D:\MavenRepository\ch\qos\logback\logback-core\1.2.11\logback-core-1.2.11.jar;D:\MavenRepository\org\apache\logging\log4j\log4j-to-slf4j\2.17.2\log4j-to-slf4j-2.17.2.jar;D:\MavenRepository\org\apache\logging\log4j\log4j-api\2.17.2\log4j-api-2.17.2.jar;D:\MavenRepository\org\slf4j\jul-to-slf4j\1.7.36\jul-to-slf4j-1.7.36.jar;D:\MavenRepository\jakarta\annotation\jakarta.annotation-api\1.3.5\jakarta.annotation-api-1.3.5.jar;D:\MavenRepository\org\yaml\snakeyaml\1.30\snakeyaml-1.30.jar;D:\MavenRepository\org\springframework\spring-aop\5.3.23\spring-aop-5.3.23.jar;D:\MavenRepository\org\springframework\spring-beans\5.3.23\spring-beans-5.3.23.jar;D:\MavenRepository\org\springframework\security\spring-security-config\5.7.4\spring-security-config-5.7.4.jar;D:\MavenRepository\org\springframework\spring-context\5.3.23\spring-context-5.3.23.jar;D:\MavenRepository\org\springframework\security\spring-security-web\5.7.4\spring-security-web-5.7.4.jar;D:\MavenRepository\org\springframework\spring-expression\5.3.23\spring-expression-5.3.23.jar;D:\MavenRepository\org\springframework\boot\spring-boot-starter-web\2.7.5\spring-boot-starter-web-2.7.5.jar;D:\MavenRepository\org\springframework\boot\spring-boot-starter-json\2.7.5\spring-boot-starter-json-2.7.5.jar;D:\MavenRepository\com\fasterxml\jackson\datatype\jackson-datatype-jdk8\2.13.4\jackson-datatype-jdk8-2.13.4.jar;D:\MavenRepository\com\fasterxml\jackson\datatype\jackson-datatype-jsr310\2.13.4\jackson-datatype-jsr310-2.13.4.jar;D:\MavenRepository\com\fasterxml\jackson\module\jackson-module-parameter-names\2.13.4\jackson-module-parameter-names-2.13.4.jar;D:\MavenRepository\org\springframework\boot\spring-boot-starter-tomcat\2.7.5\spring-boot-starter-tomcat-2.7.5.jar;D:\MavenRepository\org\apache\tomcat\embed\tomcat-embed-core\9.0.68\tomcat-embed-core-9.0.68.jar;D:\MavenRepository\org\apache\tomcat\embed\tomcat-embed-el\9.0.68\tomcat-embed-el-9.0.68.jar;D:\MavenRepository\org\apache\tomcat\embed\tomcat-embed-websocket\9.0.68\tomcat-embed-websocket-9.0.68.jar;D:\MavenRepository\org\springframework\spring-web\5.3.23\spring-web-5.3.23.jar;D:\MavenRepository\org\springframework\spring-webmvc\5.3.23\spring-webmvc-5.3.23.jar;D:\MavenRepository\org\springframework\boot\spring-boot-devtools\2.7.5\spring-boot-devtools-2.7.5.jar;D:\MavenRepository\org\springframework\boot\spring-boot\2.7.5\spring-boot-2.7.5.jar;D:\MavenRepository\org\springframework\boot\spring-boot-autoconfigure\2.7.5\spring-boot-autoconfigure-2.7.5.jar;D:\MavenRepository\org\springframework\boot\spring-boot-configuration-processor\2.7.5\spring-boot-configuration-processor-2.7.5.jar;D:\MavenRepository\org\projectlombok\lombok\1.18.24\lombok-1.18.24.jar;D:\MavenRepository\org\springframework\boot\spring-boot-starter-test\2.7.5\spring-boot-starter-test-2.7.5.jar;D:\MavenRepository\org\springframework\boot\spring-boot-test\2.7.5\spring-boot-test-2.7.5.jar;D:\MavenRepository\org\springframework\boot\spring-boot-test-autoconfigure\2.7.5\spring-boot-test-autoconfigure-2.7.5.jar;D:\MavenRepository\com\jayway\jsonpath\json-path\2.7.0\json-path-2.7.0.jar;D:\MavenRepository\net\minidev\json-smart\2.4.8\json-smart-2.4.8.jar;D:\MavenRepository\net\minidev\accessors-smart\2.4.8\accessors-smart-2.4.8.jar;D:\MavenRepository\org\ow2\asm\asm\9.1\asm-9.1.jar;D:\MavenRepository\jakarta\xml\bind\jakarta.xml.bind-api\2.3.3\jakarta.xml.bind-api-2.3.3.jar;D:\MavenRepository\jakarta\activation\jakarta.activation-api\1.2.2\jakarta.activation-api-1.2.2.jar;D:\MavenRepository\org\assertj\assertj-core\3.22.0\assertj-core-3.22.0.jar;D:\MavenRepository\org\hamcrest\hamcrest\2.2\hamcrest-2.2.jar;D:\MavenRepository\org\junit\jupiter\junit-jupiter\5.8.2\junit-jupiter-5.8.2.jar;D:\MavenRepository\org\junit\jupiter\junit-jupiter-api\5.8.2\junit-jupiter-api-5.8.2.jar;D:\MavenRepository\org\opentest4j\opentest4j\1.2.0\opentest4j-1.2.0.jar;D:\MavenRepository\org\junit\platform\junit-platform-commons\1.8.2\junit-platform-commons-1.8.2.jar;D:\MavenRepository\org\apiguardian\apiguardian-api\1.1.2\apiguardian-api-1.1.2.jar;D:\MavenRepository\org\junit\jupiter\junit-jupiter-params\5.8.2\junit-jupiter-params-5.8.2.jar;D:\MavenRepository\org\junit\jupiter\junit-jupiter-engine\5.8.2\junit-jupiter-engine-5.8.2.jar;D:\MavenRepository\org\junit\platform\junit-platform-engine\1.8.2\junit-platform-engine-1.8.2.jar;D:\MavenRepository\org\mockito\mockito-core\4.5.1\mockito-core-4.5.1.jar;D:\MavenRepository\net\bytebuddy\byte-buddy\1.12.18\byte-buddy-1.12.18.jar;D:\MavenRepository\net\bytebuddy\byte-buddy-agent\1.12.18\byte-buddy-agent-1.12.18.jar;D:\MavenRepository\org\objenesis\objenesis\3.2\objenesis-3.2.jar;D:\MavenRepository\org\mockito\mockito-junit-jupiter\4.5.1\mockito-junit-jupiter-4.5.1.jar;D:\MavenRepository\org\skyscreamer\jsonassert\1.5.1\jsonassert-1.5.1.jar;D:\MavenRepository\com\vaadin\external\google\android-json\0.0.20131108.vaadin1\android-json-0.0.20131108.vaadin1.jar;D:\MavenRepository\org\springframework\spring-core\5.3.23\spring-core-5.3.23.jar;D:\MavenRepository\org\springframework\spring-jcl\5.3.23\spring-jcl-5.3.23.jar;D:\MavenRepository\org\springframework\spring-test\5.3.23\spring-test-5.3.23.jar;D:\MavenRepository\org\xmlunit\xmlunit-core\2.9.0\xmlunit-core-2.9.0.jar;D:\MavenRepository\org\springframework\security\spring-security-test\5.7.4\spring-security-test-5.7.4.jar;D:\MavenRepository\org\springframework\security\spring-security-core\5.7.4\spring-security-core-5.7.4.jar;D:\MavenRepository\org\springframework\security\spring-security-crypto\5.7.4\spring-security-crypto-5.7.4.jar;D:\MavenRepository\mysql\mysql-connector-java\5.1.18\mysql-connector-java-5.1.18.jar;D:\MavenRepository\com\baomidou\mybatis-plus-boot-starter\3.5.2\mybatis-plus-boot-starter-3.5.2.jar;D:\MavenRepository\com\baomidou\mybatis-plus\3.5.2\mybatis-plus-3.5.2.jar;D:\MavenRepository\com\baomidou\mybatis-plus-extension\3.5.2\mybatis-plus-extension-3.5.2.jar;D:\MavenRepository\com\baomidou\mybatis-plus-core\3.5.2\mybatis-plus-core-3.5.2.jar;D:\MavenRepository\com\baomidou\mybatis-plus-annotation\3.5.2\mybatis-plus-annotation-3.5.2.jar;D:\MavenRepository\com\github\jsqlparser\jsqlparser\4.4\jsqlparser-4.4.jar;D:\MavenRepository\org\mybatis\mybatis\3.5.10\mybatis-3.5.10.jar;D:\MavenRepository\org\mybatis\mybatis-spring\2.0.7\mybatis-spring-2.0.7.jar;D:\MavenRepository\org\jetbrains\kotlin\kotlin-stdlib-jdk8\1.6.21\kotlin-stdlib-jdk8-1.6.21.jar;D:\MavenRepository\org\jetbrains\kotlin\kotlin-stdlib\1.6.21\kotlin-stdlib-1.6.21.jar;D:\MavenRepository\org\jetbrains\kotlin\kotlin-stdlib-common\1.6.21\kotlin-stdlib-common-1.6.21.jar;D:\MavenRepository\org\jetbrains\annotations\13.0\annotations-13.0.jar;D:\MavenRepository\org\jetbrains\kotlin\kotlin-stdlib-jdk7\1.6.21\kotlin-stdlib-jdk7-1.6.21.jar;D:\MavenRepository\org\springframework\boot\spring-boot-starter-jdbc\2.7.5\spring-boot-starter-jdbc-2.7.5.jar;D:\MavenRepository\com\zaxxer\HikariCP\4.0.3\HikariCP-4.0.3.jar;D:\MavenRepository\org\springframework\spring-jdbc\5.3.23\spring-jdbc-5.3.23.jar;D:\MavenRepository\org\springframework\spring-tx\5.3.23\spring-tx-5.3.23.jar;D:\MavenRepository\com\alibaba\druid\1.2.15\druid-1.2.15.jar;D:\MavenRepository\org\apache\commons\commons-lang3\3.12.0\commons-lang3-3.12.0.jar;D:\MavenRepository\com\alibaba\fastjson\2.0.19.graal\fastjson-2.0.19.graal.jar;D:\MavenRepository\com\alibaba\fastjson2\fastjson2-extension\2.0.19.graal\fastjson2-extension-2.0.19.graal.jar;D:\MavenRepository\com\alibaba\fastjson2\fastjson2\2.0.19.graal\fastjson2-2.0.19.graal.jar;D:\MavenRepository\org\springframework\security\spring-security-jwt\1.1.1.RELEASE\spring-security-jwt-1.1.1.RELEASE.jar;D:\MavenRepository\org\bouncycastle\bcpkix-jdk15on\1.64\bcpkix-jdk15on-1.64.jar;D:\MavenRepository\org\bouncycastle\bcprov-jdk15on\1.64\bcprov-jdk15on-1.64.jar;D:\MavenRepository\io\jsonwebtoken\jjwt\0.9.1\jjwt-0.9.1.jar;D:\MavenRepository\com\fasterxml\jackson\core\jackson-databind\2.13.4.2\jackson-databind-2.13.4.2.jar;D:\MavenRepository\com\fasterxml\jackson\core\jackson-annotations\2.13.4\jackson-annotations-2.13.4.jar;D:\MavenRepository\com\fasterxml\jackson\core\jackson-core\2.13.4\jackson-core-2.13.4.jar;D:\MavenRepository\commons-fileupload\commons-fileupload\1.4\commons-fileupload-1.4.jar;D:\MavenRepository\commons-io\commons-io\2.2\commons-io-2.2.jar;D:\MavenRepository\io\springfox\springfox-boot-starter\3.0.0\springfox-boot-starter-3.0.0.jar;D:\MavenRepository\io\springfox\springfox-oas\3.0.0\springfox-oas-3.0.0.jar;D:\MavenRepository\io\swagger\core\v3\swagger-annotations\2.1.2\swagger-annotations-2.1.2.jar;D:\MavenRepository\io\swagger\core\v3\swagger-models\2.1.2\swagger-models-2.1.2.jar;D:\MavenRepository\io\springfox\springfox-spi\3.0.0\springfox-spi-3.0.0.jar;D:\MavenRepository\io\springfox\springfox-schema\3.0.0\springfox-schema-3.0.0.jar;D:\MavenRepository\io\springfox\springfox-core\3.0.0\springfox-core-3.0.0.jar;D:\MavenRepository\io\springfox\springfox-spring-web\3.0.0\springfox-spring-web-3.0.0.jar;D:\MavenRepository\io\github\classgraph\classgraph\4.8.83\classgraph-4.8.83.jar;D:\MavenRepository\io\springfox\springfox-spring-webmvc\3.0.0\springfox-spring-webmvc-3.0.0.jar;D:\MavenRepository\io\springfox\springfox-spring-webflux\3.0.0\springfox-spring-webflux-3.0.0.jar;D:\MavenRepository\io\springfox\springfox-swagger-common\3.0.0\springfox-swagger-common-3.0.0.jar;D:\MavenRepository\org\mapstruct\mapstruct\1.3.1.Final\mapstruct-1.3.1.Final.jar;D:\MavenRepository\io\springfox\springfox-data-rest\3.0.0\springfox-data-rest-3.0.0.jar;D:\MavenRepository\io\springfox\springfox-bean-validators\3.0.0\springfox-bean-validators-3.0.0.jar;D:\MavenRepository\io\springfox\springfox-swagger2\3.0.0\springfox-swagger2-3.0.0.jar;D:\MavenRepository\io\swagger\swagger-annotations\1.5.20\swagger-annotations-1.5.20.jar;D:\MavenRepository\io\swagger\swagger-models\1.5.20\swagger-models-1.5.20.jar;D:\MavenRepository\io\springfox\springfox-swagger-ui\3.0.0\springfox-swagger-ui-3.0.0.jar;D:\MavenRepository\com\fasterxml\classmate\1.5.1\classmate-1.5.1.jar;D:\MavenRepository\org\slf4j\slf4j-api\1.7.36\slf4j-api-1.7.36.jar;D:\MavenRepository\org\springframework\plugin\spring-plugin-core\2.0.0.RELEASE\spring-plugin-core-2.0.0.RELEASE.jar;D:\MavenRepository\org\springframework\plugin\spring-plugin-metadata\2.0.0.RELEASE\spring-plugin-metadata-2.0.0.RELEASE.jar;"/>
    <property name="sun.cpu.endian" value="little"/>
    <property name="user.home" value="C:\Users\26844"/>
    <property name="user.language" value="zh"/>
    <property name="java.specification.vendor" value="Oracle Corporation"/>
    <property name="java.home" value="C:\Program Files\Java\jdk1.8.0_162\jre"/>
    <property name="basedir" value="D:\A_code\intellij\bookstore"/>
    <property name="file.separator" value="\"/>
    <property name="line.separator" value="&#10;"/>
    <property name="java.vm.specification.vendor" value="Oracle Corporation"/>
    <property name="java.specification.name" value="Java Platform API Specification"/>
    <property name="java.awt.graphicsenv" value="sun.awt.Win32GraphicsEnvironment"/>
    <property name="surefire.real.class.path" value="C:\Users\26844\AppData\Local\Temp\surefire583980012110923643\surefirebooter119274883004537941.jar"/>
    <property name="sun.boot.class.path" value="C:\Program Files\Java\jdk1.8.0_162\jre\lib\resources.jar;C:\Program Files\Java\jdk1.8.0_162\jre\lib\rt.jar;C:\Program Files\Java\jdk1.8.0_162\jre\lib\sunrsasign.jar;C:\Program Files\Java\jdk1.8.0_162\jre\lib\jsse.jar;C:\Program Files\Java\jdk1.8.0_162\jre\lib\jce.jar;C:\Program Files\Java\jdk1.8.0_162\jre\lib\charsets.jar;C:\Program Files\Java\jdk1.8.0_162\jre\lib\jfr.jar;C:\Program Files\Java\jdk1.8.0_162\jre\classes"/>
    <property name="user.script" value=""/>
    <property name="sun.management.compiler" value="HotSpot 64-Bit Tiered Compilers"/>
    <property name="java.runtime.version" value="1.8.0_162-b12"/>
    <property name="user.name" value="26844"/>
    <property name="path.separator" value=";"/>
    <property name="os.version" value="10.0"/>
    <property name="java.endorsed.dirs" value="C:\Program Files\Java\jdk1.8.0_162\jre\lib\endorsed"/>
    <property name="java.runtime.name" value="Java(TM) SE Runtime Environment"/>
    <property name="file.encoding" value="GBK"/>
    <property name="java.vm.name" value="Java HotSpot(TM) 64-Bit Server VM"/>
    <property name="localRepository" value="D:\MavenRepository"/>
    <property name="java.vendor.url.bug" value="http://bugreport.sun.com/bugreport/"/>
    <property name="java.io.tmpdir" value="C:\Users\26844\AppData\Local\Temp\"/>
    <property name="idea.version" value="2022.2.3"/>
    <property name="java.version" value="1.8.0_162"/>
    <property name="user.dir" value="D:\A_code\intellij\bookstore"/>
    <property name="os.arch" value="amd64"/>
    <property name="java.vm.specification.name" value="Java Virtual Machine Specification"/>
    <property name="java.awt.printerjob" value="sun.awt.windows.WPrinterJob"/>
    <property name="sun.os.patch.level" value=""/>
    <property name="java.library.path" value="C:\Program Files\Java\jdk1.8.0_162\jre\bin;C:\WINDOWS\Sun\Java\bin;C:\WINDOWS\system32;C:\WINDOWS;C:\Program Files\Python39\Scripts\;C:\Program Files\Python39\;C:\Python310\Scripts\;C:\Python310\;D:\开发工具\VMware\bin\;C:\ProgramData\Oracle\Java\javapath;C:\Windows\system32;C:\Windows;C:\Windows\System32\Wbem;C:\Windows\System32\WindowsPowerShell\v1.0\;C:\Windows\System32\OpenSSH\;C:\Program Files\NVIDIA Corporation\NVIDIA NvDLISR;C:\Program Files\Microsoft VS Code\bin;C:\WINDOWS\system32;C:\WINDOWS;C:\WINDOWS\System32\Wbem;C:\WINDOWS\System32\WindowsPowerShell\v1.0\;C:\WINDOWS\System32\OpenSSH\;C:\Gitinstalled\Git\cmd;C:\Program Files\Polyspace\R2020b\runtime\win64;C:\Program Files\Polyspace\R2020b\bin;C:\Program Files\Polyspace\R2020b\polyspace\bin;C:\Program Files\Apache\apache-maven-3.6.3\bin;C:\texlive\2021\b;C:\texlive\2021\bin\win32;C:\Prog;C:\Program Files\Azure Data Studio\bin;C:\ProgramData\chocolatey\bin;D:\CompileTools\Python39;D:\CompileTools\Python39\Scripts;D:\CompileTools\go\bin;D:\compileC\mingw64\bin\;D:\CompileTools\node\;D:\CompileTools\node\node_global;D:\texlive\2022\bin\win32;D:\CompileTools\bin;D:\CompileTools\scala\bin;C:\Users\26844\AppData\Local\Microsoft\WindowsApps;C:\texlive\2021\bin\win32;C:\Program Files\Azure Data Studio\bin;C:\Program Files\MySQL\MySQL Server 5.7\bin;D:\nvm;D:\nodes;D:\微信web开发者工具\bin;D:\开发工具\PyCharm 2022.2.1\bin;;D:\开发工具\IntelliJ IDEA 2022.2.1\bin;;D:\开发工具\WebStorm 2022.2.1\bin;;D:\开发工具\CLion 2021.2\bin;;D:\CompileTools\Python39\;D:\apache-tomcat-10.0.22\bin;D:\CompileTools\node\node_modules\npm;D:\CompileTools\node\node_global;D:\texlive\2022\bin\win32;D:\开发工具\GoLand 2022.2.2\bin;;C:\Users\26844\go\bin;D:\开发工具\Microsoft VS Code\bin;C:\Program Files\Bandizip\;."/>
    <property name="java.vm.info" value="mixed mode"/>
    <property name="java.vendor" value="Oracle Corporation"/>
    <property name="java.vm.version" value="25.162-b12"/>
    <property name="java.ext.dirs" value="C:\Program Files\Java\jdk1.8.0_162\jre\lib\ext;C:\WINDOWS\Sun\Java\lib\ext"/>
    <property name="sun.io.unicode.encoding" value="UnicodeLittle"/>
    <property name="maven.repo.local" value="D:\MavenRepository"/>
    <property name="java.class.version" value="52.0"/>
  </properties>
  <testcase name="contextLoads" classname="com.xin.bookstore.BookstoreApplicationTests" time="0.343"/>
</testsuite>